<?xml version="1.0" encoding="UTF-8" ?>
<testsuite 
errors="0" failures="0" hostname="SandboxHost-639060300432098868" name="com.example.CalculatorSpec" tests="5" time="0.116" timestamp="2026-02-07T08:47:19">
  <properties>
[...]
</properties>
  <testcase 
  name="Calculator should add two numbers correctly" classname="com.example.CalculatorSpec" time="0.05">
</testcase>
  <testcase 
  name="Calculator should subtract two numbers correctly" classname="com.example.CalculatorSpec" time="0.001">
</testcase>
  <testcase 
  name="Calculator should multiply two numbers correctly" classname="com.example.CalculatorSpec" time="0.002">
</testcase>
  <testcase 
  name="Calculator should divide two numbers correctly" classname="com.example.CalculatorSpec" time="0.003">
</testcase>
  <testcase 
  name="Calculator should return None when dividing by zero" classname="com.example.CalculatorSpec" time="0.001">
</testcase>
  <system-out><![CDATA[]]></system-out>
  <system-err><![CDATA[]]></system-err>
</testsuite>
