<?xml version="1.0"?>
<!DOCTYPE coverage SYSTEM "https://cobertura.sourceforge.net/xml/coverage-04.dtd">
<coverage 
line-rate="0.45" lines-valid="22" lines-covered="10" branches-valid="2" branches-covered="2" branch-rate="1.00" complexity="0" version="1.0" timestamp="1770454040265">
    <sources>
        <source>--source</source>
        <source>/home/badre/scala-jenkins-demo/src/main/scala</source>
    </sources>
    <packages>
        <package name="com.example" line-rate="0.45" branch-rate="1.00" complexity="0">
            <classes>
                <class 
                name="com.example.DataProcessor" filename="com/example/DataProcessor.scala" line-rate="0.00" branch-rate="0.00" complexity="0">
                    <methods>
                        <method 
                        name="com.example/DataProcessor/aggregateByKey" signature="()V" line-rate="0.00" branch-rate="0.00" complexity="0">
                            <lines>
                                <line number="34" hits="0" branch="false"/>
                                <line number="37" hits="0" branch="false"/>
                                <line number="36" hits="0" branch="false"/>
                                <line number="35" hits="0" branch="false"/>
                                <line number="33" hits="0" branch="false"/>
                            </lines>
</method>
                        <method 
                        name="com.example/DataProcessor/processData" signature="()V" line-rate="0.00" branch-rate="0.00" complexity="0">
                            <lines>
                                <line number="17" hits="0" branch="false"/>
                                <line number="19" hits="0" branch="false"/>
                                <line number="18" hits="0" branch="false"/>
                                <line number="19" hits="0" branch="false"/>
                                <line number="18" hits="0" branch="false"/>
                                <line number="22" hits="0" branch="false"/>
                            </lines>
</method>
                        <method name="com.example/DataProcessor/apply" signature="()V" line-rate="0.00" branch-rate="0.00" complexity="0">
                            <lines>
                                <line number="43" hits="0" branch="false"/>
                            </lines>
                        </method>
                    </methods>
                    <lines>
                        <line number="34" hits="0" branch="false"/>
                        <line number="17" hits="0" branch="false"/>
                        <line number="37" hits="0" branch="false"/>
                        <line number="19" hits="0" branch="false"/>
                        <line number="18" hits="0" branch="false"/>
                        <line number="43" hits="0" branch="false"/>
                        <line number="19" hits="0" branch="false"/>
                        <line number="36" hits="0" branch="false"/>
                        <line number="35" hits="0" branch="false"/>
                        <line number="33" hits="0" branch="false"/>
                        <line number="18" hits="0" branch="false"/>
                        <line number="22" hits="0" branch="false"/>
                    </lines>
</class>
                <class 
                name="com.example.Calculator" filename="com/example/Calculator.scala" line-rate="1.00" branch-rate="1.00" complexity="0">
                    <methods>
                        <method name="com.example/Calculator/divide" signature="()V" line-rate="1.00" branch-rate="1.00" complexity="0">
                            <lines>
                                <line number="11" hits="1" branch="false"/>
                                <line number="11" hits="1" branch="false"/>
                                <line number="11" hits="1" branch="false"/>
                                <line number="11" hits="1" branch="false"/>
                                <line number="11" hits="1" branch="true"/>
                                <line number="11" hits="1" branch="false"/>
                                <line number="11" hits="1" branch="true"/>
                            </lines>
                        </method>
                        <method name="com.example/Calculator/subtract" signature="()V" line-rate="1.00" branch-rate="1.00" complexity="0">
                            <lines>
                                <line number="6" hits="1" branch="false"/>
                            </lines>
                        </method>
                        <method name="com.example/Calculator/add" signature="()V" line-rate="1.00" branch-rate="1.00" complexity="0">
                            <lines>
                                <line number="4" hits="1" branch="false"/>
                            </lines>
                        </method>
                        <method name="com.example/Calculator/multiply" signature="()V" line-rate="1.00" branch-rate="1.00" complexity="0">
                            <lines>
                                <line number="8" hits="1" branch="false"/>
                            </lines>
                        </method>
                    </methods>
                    <lines>
                        <line number="11" hits="1" branch="false"/>
                        <line number="6" hits="1" branch="false"/>
                        <line number="11" hits="1" branch="false"/>
                        <line number="11" hits="1" branch="false"/>
                        <line number="11" hits="1" branch="false"/>
                        <line number="4" hits="1" branch="false"/>
                        <line number="11" hits="1" branch="true"/>
                        <line number="11" hits="1" branch="false"/>
                        <line number="8" hits="1" branch="false"/>
                        <line number="11" hits="1" branch="true"/>
                    </lines>
</class>
            </classes>
        </package>
    </packages>
</coverage>
